Build started 2/15/2013 6:53:42 PM.
     1>Project "C:\Users\Mase\Documents\Repos\Test\testRepo\testRepo\testRepo.vcxproj" on node 2 (build target(s)).
     1>InitializeBuildStatus:
         Touching "Debug\testRepo.unsuccessfulbuild".
       ClCompile:
         C:\Program Files (x86)\Microsoft Visual Studio 10.0\VC\bin\CL.exe /c /ZI /nologo /W3 /WX- /Od /Oy- /D _MBCS /Gm /EHsc /RTC1 /MDd /GS /fp:precise /Zc:wchar_t /Zc:forScope /Fo"Debug\\" /Fd"Debug\vc100.pdb" /Gd /TC /analyze- /errorReport:prompt main.c
         main.c
     1>c:\users\mase\documents\repos\test\testrepo\testrepo\main.c(20): error C2143: syntax error : missing ';' before 'type'
     1>c:\users\mase\documents\repos\test\testrepo\testrepo\main.c(21): error C2143: syntax error : missing ';' before 'type'
     1>c:\users\mase\documents\repos\test\testrepo\testrepo\main.c(23): error C2143: syntax error : missing ';' before 'type'
     1>c:\users\mase\documents\repos\test\testrepo\testrepo\main.c(24): error C2143: syntax error : missing ';' before 'type'
     1>c:\users\mase\documents\repos\test\testrepo\testrepo\main.c(26): error C2143: syntax error : missing ';' before 'type'
     1>c:\users\mase\documents\repos\test\testrepo\testrepo\main.c(27): warning C4244: 'function' : conversion from 'time_t' to 'unsigned int', possible loss of data
     1>c:\users\mase\documents\repos\test\testrepo\testrepo\main.c(34): error C2065: 'i' : undeclared identifier
     1>c:\users\mase\documents\repos\test\testrepo\testrepo\main.c(34): error C2065: 'i' : undeclared identifier
     1>c:\users\mase\documents\repos\test\testrepo\testrepo\main.c(34): error C2065: 'i' : undeclared identifier
     1>c:\users\mase\documents\repos\test\testrepo\testrepo\main.c(35): error C2065: 'i' : undeclared identifier
     1>c:\users\mase\documents\repos\test\testrepo\testrepo\main.c(37): error C2065: 'send' : undeclared identifier
     1>c:\users\mase\documents\repos\test\testrepo\testrepo\main.c(37): warning C4047: 'function' : 'char *' differs in levels of indirection from 'int'
     1>c:\users\mase\documents\repos\test\testrepo\testrepo\main.c(37): warning C4024: 'sprintf' : different types for formal and actual parameter 1
     1>c:\users\mase\documents\repos\test\testrepo\testrepo\main.c(37): error C2065: 'testMessages' : undeclared identifier
     1>c:\users\mase\documents\repos\test\testrepo\testrepo\main.c(37): error C2065: 'i' : undeclared identifier
     1>c:\users\mase\documents\repos\test\testrepo\testrepo\main.c(37): error C2109: subscript requires array or pointer type
     1>c:\users\mase\documents\repos\test\testrepo\testrepo\main.c(38): warning C4047: 'function' : 'sockaddr_in *' differs in levels of indirection from 'sockaddr_in **'
     1>c:\users\mase\documents\repos\test\testrepo\testrepo\main.c(38): warning C4024: 'createSocket' : different types for formal and actual parameter 3
     1>c:\users\mase\documents\repos\test\testrepo\testrepo\main.c(44): error C2065: 'send' : undeclared identifier
     1>c:\users\mase\documents\repos\test\testrepo\testrepo\main.c(44): warning C4047: 'function' : 'char *' differs in levels of indirection from 'int'
     1>c:\users\mase\documents\repos\test\testrepo\testrepo\main.c(44): warning C4024: 'sendRequest' : different types for formal and actual parameter 2
     1>c:\users\mase\documents\repos\test\testrepo\testrepo\main.c(49): error C2065: 'received' : undeclared identifier
     1>c:\users\mase\documents\repos\test\testrepo\testrepo\main.c(49): warning C4133: 'function' : incompatible types - from 'int *' to 'char *'
     1>c:\users\mase\documents\repos\test\testrepo\testrepo\main.c(54): error C2065: 'i' : undeclared identifier
     1>c:\users\mase\documents\repos\test\testrepo\testrepo\main.c(54): error C2065: 'received' : undeclared identifier
     1>c:\users\mase\documents\repos\test\testrepo\testrepo\main.c(54): warning C4047: 'function' : 'const char *' differs in levels of indirection from 'int'
     1>c:\users\mase\documents\repos\test\testrepo\testrepo\main.c(54): warning C4024: 'strcmp' : different types for formal and actual parameter 1
     1>c:\users\mase\documents\repos\test\testrepo\testrepo\main.c(54): error C2065: 'expectedResponses' : undeclared identifier
     1>c:\users\mase\documents\repos\test\testrepo\testrepo\main.c(54): error C2065: 'i' : undeclared identifier
     1>c:\users\mase\documents\repos\test\testrepo\testrepo\main.c(54): error C2109: subscript requires array or pointer type
     1>c:\users\mase\documents\repos\test\testrepo\testrepo\main.c(54): error C2198: 'strcmp' : too few arguments for call
     1>c:\users\mase\documents\repos\test\testrepo\testrepo\main.c(56): error C2065: 'expectedResponses' : undeclared identifier
     1>c:\users\mase\documents\repos\test\testrepo\testrepo\main.c(56): error C2065: 'i' : undeclared identifier
     1>c:\users\mase\documents\repos\test\testrepo\testrepo\main.c(56): error C2109: subscript requires array or pointer type
     1>c:\users\mase\documents\repos\test\testrepo\testrepo\main.c(57): error C2065: 'received' : undeclared identifier
     1>c:\users\mase\documents\repos\test\testrepo\testrepo\main.c(59): error C2065: 'i' : undeclared identifier
     1>c:\users\mase\documents\repos\test\testrepo\testrepo\main.c(60): error C2065: 'i' : undeclared identifier
     1>c:\users\mase\documents\repos\test\testrepo\testrepo\main.c(64): error C2065: 'received' : undeclared identifier
     1>c:\users\mase\documents\repos\test\testrepo\testrepo\main.c(64): warning C4047: 'function' : 'char *' differs in levels of indirection from 'int'
     1>c:\users\mase\documents\repos\test\testrepo\testrepo\main.c(64): warning C4024: 'printResponse' : different types for formal and actual parameter 1
     1>c:\users\mase\documents\repos\test\testrepo\testrepo\main.c(65): error C2065: 'received' : undeclared identifier
     1>c:\users\mase\documents\repos\test\testrepo\testrepo\main.c(71): error C2065: 'received' : undeclared identifier
     1>c:\users\mase\documents\repos\test\testrepo\testrepo\main.c(71): warning C4022: 'free' : pointer mismatch for actual parameter 1
     1>Done Building Project "C:\Users\Mase\Documents\Repos\Test\testRepo\testRepo\testRepo.vcxproj" (build target(s)) -- FAILED.

Build FAILED.

Time Elapsed 00:00:00.07
